<?xml version="1.0" encoding="UTF-8"?>
<!-- Generated by org.testng.reporters.JUnitXMLReporter -->
<testsuite ignored="0" hostname="IBM-PF136901" failures="1" tests="1" name="Test" time="21.03" errors="0" timestamp="2025-03-01T22:09:32 IST">
  <testcase classname="testCases.TC003_LoginTestDDT" name="loginDDT" time="16.547">
    <failure type="java.lang.AssertionError" message="null">
      <![CDATA[java.lang.AssertionError: null
at testCases.TC003_LoginTestDDT.loginDDT(TC003_LoginTestDDT.java:73)
at java.base/java.util.ArrayList.forEach(ArrayList.java:1597)
... Removed 27 stack frames]]>
    </failure>
  </testcase> <!-- loginDDT -->
</testsuite> <!-- Test -->
