<?xml version="1.0" encoding="UTF-8"?>
<!-- Generated by org.testng.reporters.JUnitXMLReporter -->
<testsuite ignored="0" hostname="IBM-PF136901" failures="2" tests="14" name="Test" time="130.756" errors="0" timestamp="2025-05-02T07:54:03 IST">
  <testcase classname="testCases.TC003_LoginTestDDT" name="loginDDT" time="2.593"/>
  <testcase classname="testCases.TC003_LoginTestDDT" name="loginDDT" time="11.658"/>
  <testcase classname="testCases.TC003_LoginTestDDT" name="loginDDT" time="11.538"/>
  <testcase classname="testCases.TC003_LoginTestDDT" name="loginDDT" time="10.796"/>
  <testcase classname="testCases.TC003_LoginTestDDT" name="loginDDT" time="11.634"/>
  <testcase classname="testCases.TC003_LoginTestDDT" name="loginDDT" time="10.855"/>
  <testcase classname="testCases.TC003_LoginTestDDT" name="loginDDT" time="2.241">
    <failure type="java.lang.AssertionError" message="expected [true] but found [false]">
      <![CDATA[java.lang.AssertionError: expected [true] but found [false]
at testCases.TC003_LoginTestDDT.loginDDT(TC003_LoginTestDDT.java:63)
at java.base/java.util.ArrayList.forEach(ArrayList.java:1597)
... Removed 29 stack frames]]>
    </failure>
  </testcase> <!-- loginDDT -->
  <testcase classname="testCases.TC003_LoginTestDDT" name="loginDDT" time="10.915"/>
  <testcase classname="testCases.TC003_LoginTestDDT" name="loginDDT" time="11.627"/>
  <testcase classname="testCases.TC003_LoginTestDDT" name="loginDDT" time="2.609">
    <failure type="java.lang.AssertionError" message="expected [true] but found [false]">
      <![CDATA[java.lang.AssertionError: expected [true] but found [false]
at testCases.TC003_LoginTestDDT.loginDDT(TC003_LoginTestDDT.java:63)
at java.base/java.util.ArrayList.forEach(ArrayList.java:1597)
... Removed 29 stack frames]]>
    </failure>
  </testcase> <!-- loginDDT -->
  <testcase classname="testCases.TC003_LoginTestDDT" name="loginDDT" time="2.431"/>
  <testcase classname="testCases.TC003_LoginTestDDT" name="loginDDT" time="11.457"/>
  <testcase classname="testCases.TC003_LoginTestDDT" name="loginDDT" time="11.111"/>
  <testcase classname="testCases.TC003_LoginTestDDT" name="loginDDT" time="11.142"/>
</testsuite> <!-- Test -->
