<?xml version="1.0" encoding="UTF-8"?>
<testng-results ignored="0" total="2" passed="2" failed="0" skipped="0">
  <reporter-output>
  </reporter-output>
  <suite started-at="2025-05-04T22:54:53 IST" name="GridSuite" finished-at="2025-05-04T22:55:11 IST" duration-ms="17766">
    <groups>
      <group name="Master">
        <method signature="TC001_AccountRegisterationTest.verify_account_registeration()[pri:0, instance:testCases.TC001_AccountRegisterationTest@16fdec90]" name="verify_account_registeration" class="testCases.TC001_AccountRegisterationTest"/>
        <method signature="TC002_LoginTest.verifyLogin()[pri:0, instance:testCases.TC002_LoginTest@51acdf2e]" name="verifyLogin" class="testCases.TC002_LoginTest"/>
      </group> <!-- Master -->
      <group name="Sanity">
        <method signature="TC001_AccountRegisterationTest.verify_account_registeration()[pri:0, instance:testCases.TC001_AccountRegisterationTest@16fdec90]" name="verify_account_registeration" class="testCases.TC001_AccountRegisterationTest"/>
      </group> <!-- Sanity -->
      <group name="Regression">
        <method signature="TC002_LoginTest.verifyLogin()[pri:0, instance:testCases.TC002_LoginTest@51acdf2e]" name="verifyLogin" class="testCases.TC002_LoginTest"/>
      </group> <!-- Regression -->
    </groups>
    <test started-at="2025-05-04T22:54:53 IST" name="linux-chrome test" finished-at="2025-05-04T22:55:11 IST" duration-ms="17766">
      <class name="testCases.TC002_LoginTest">
        <test-method is-config="true" signature="setUp(java.lang.String,java.lang.String)[pri:0, instance:testCases.TC002_LoginTest@51acdf2e]" started-at="2025-05-04T22:55:05 IST" name="setUp" finished-at="2025-05-04T22:55:08 IST" duration-ms="2753" status="PASS">
          <params>
            <param index="0">
              <value>
                <![CDATA[chrome]]>
              </value>
            </param>
            <param index="1">
              <value>
                <![CDATA[Linux]]>
              </value>
            </param>
          </params>
          <reporter-output>
          </reporter-output>
        </test-method> <!-- setUp -->
        <test-method signature="verifyLogin()[pri:0, instance:testCases.TC002_LoginTest@51acdf2e]" started-at="2025-05-04T22:55:08 IST" name="verifyLogin" finished-at="2025-05-04T22:55:11 IST" duration-ms="3157" status="PASS">
          <reporter-output>
          </reporter-output>
        </test-method> <!-- verifyLogin -->
        <test-method is-config="true" signature="tearDown()[pri:0, instance:testCases.TC002_LoginTest@51acdf2e]" started-at="2025-05-04T22:55:11 IST" name="tearDown" finished-at="2025-05-04T22:55:11 IST" duration-ms="203" status="PASS">
          <reporter-output>
          </reporter-output>
        </test-method> <!-- tearDown -->
      </class> <!-- testCases.TC002_LoginTest -->
      <class name="testCases.TC001_AccountRegisterationTest">
        <test-method is-config="true" signature="setUp(java.lang.String,java.lang.String)[pri:0, instance:testCases.TC001_AccountRegisterationTest@16fdec90]" started-at="2025-05-04T22:54:54 IST" name="setUp" finished-at="2025-05-04T22:54:59 IST" duration-ms="4782" status="PASS">
          <params>
            <param index="0">
              <value>
                <![CDATA[chrome]]>
              </value>
            </param>
            <param index="1">
              <value>
                <![CDATA[Linux]]>
              </value>
            </param>
          </params>
          <reporter-output>
          </reporter-output>
        </test-method> <!-- setUp -->
        <test-method signature="verify_account_registeration()[pri:0, instance:testCases.TC001_AccountRegisterationTest@16fdec90]" started-at="2025-05-04T22:54:59 IST" name="verify_account_registeration" finished-at="2025-05-04T22:55:05 IST" duration-ms="6290" status="PASS">
          <reporter-output>
          </reporter-output>
        </test-method> <!-- verify_account_registeration -->
        <test-method is-config="true" signature="tearDown()[pri:0, instance:testCases.TC001_AccountRegisterationTest@16fdec90]" started-at="2025-05-04T22:55:05 IST" name="tearDown" finished-at="2025-05-04T22:55:05 IST" duration-ms="123" status="PASS">
          <reporter-output>
          </reporter-output>
        </test-method> <!-- tearDown -->
      </class> <!-- testCases.TC001_AccountRegisterationTest -->
    </test> <!-- linux-chrome test -->
  </suite> <!-- GridSuite -->
</testng-results>
